<?xml version="1.0" encoding="UTF-8"?>
<!-- Generated by org.testng.reporters.JUnitReportReporter -->
<testsuite skipped="0" hostname="Balakrishnan-QA" name="oneFc.appiumautomation.OneFcTest" tests="1" failures="0" timestamp="22 Dec 2019 18:43:17 GMT" time="92.306" errors="0">
  <testcase name="oneFcTest" time="92.306" classname="oneFc.appiumautomation.OneFcTest"/>
</testsuite> <!-- oneFc.appiumautomation.OneFcTest -->
