<?xml version="1.0" encoding="UTF-8"?>
<!-- Generated by org.testng.reporters.JUnitReportReporter -->
<testsuite skipped="0" hostname="Balakrishnan-QA" name="oneFc.appiumautomation.OneFCAutomation" tests="1" failures="0" timestamp="21 Dec 2019 06:54:01 GMT" time="25.342" errors="0">
  <testcase name="Test1" time="25.342" classname="oneFc.appiumautomation.OneFCAutomation"/>
</testsuite> <!-- oneFc.appiumautomation.OneFCAutomation -->
